      215	INFO      	Log	XnLog.cpp	346	New log started on 2014-01-15 16:49:08
      233	INFO      	Log	XnLog.cpp	350	OpenNI version is 1.5.4 (Build 0)-Linux-x86 (May 16 2012 10:24:55)
      237	INFO      	Log	XnLog.cpp	319	--- Filter Info --- Minimum Severity: ERROR
  1031385	INFO      	Log	XnLog.cpp	319	--- Filter Info --- Minimum Severity: ERROR
  2032765	INFO      	Log	XnLog.cpp	319	--- Filter Info --- Minimum Severity: ERROR
  3034127	INFO      	Log	XnLog.cpp	319	--- Filter Info --- Minimum Severity: ERROR
  4035697	INFO      	Log	XnLog.cpp	319	--- Filter Info --- Minimum Severity: ERROR
  5037073	INFO      	Log	XnLog.cpp	319	--- Filter Info --- Minimum Severity: ERROR
  6038429	INFO      	Log	XnLog.cpp	319	--- Filter Info --- Minimum Severity: ERROR
  7039781	INFO      	Log	XnLog.cpp	319	--- Filter Info --- Minimum Severity: ERROR
  8041174	INFO      	Log	XnLog.cpp	319	--- Filter Info --- Minimum Severity: ERROR
  9042568	INFO      	Log	XnLog.cpp	319	--- Filter Info --- Minimum Severity: ERROR
 10043975	INFO      	Log	XnLog.cpp	319	--- Filter Info --- Minimum Severity: ERROR
 11045402	INFO      	Log	XnLog.cpp	319	--- Filter Info --- Minimum Severity: ERROR
 12046791	INFO      	Log	XnLog.cpp	319	--- Filter Info --- Minimum Severity: ERROR
 13048186	INFO      	Log	XnLog.cpp	319	--- Filter Info --- Minimum Severity: ERROR
 14049611	INFO      	Log	XnLog.cpp	319	--- Filter Info --- Minimum Severity: ERROR
 15051013	INFO      	Log	XnLog.cpp	319	--- Filter Info --- Minimum Severity: ERROR
 16052404	INFO      	Log	XnLog.cpp	319	--- Filter Info --- Minimum Severity: ERROR
 17053801	INFO      	Log	XnLog.cpp	319	--- Filter Info --- Minimum Severity: ERROR
