      404	INFO      	Log	XnLog.cpp	346	New log started on 2014-01-16 17:37:11
      434	INFO      	Log	XnLog.cpp	350	OpenNI version is 1.5.4 (Build 0)-Linux-x86 (May 16 2012 10:24:55)
      438	INFO      	Log	XnLog.cpp	319	--- Filter Info --- Minimum Severity: VERBOSE
      485	VERBOSE   	ModuleLoader	XnModuleLoader.cpp	451	Found exported production node. Script: OpenNI/OpenNI/1.5.4.0
      571	VERBOSE   	ModuleLoader	XnModuleLoader.cpp	280	Checking /usr/lib/libnimMockNodes.so...
      814	VERBOSE   	ModuleLoader	XnModuleLoader.cpp	451	Found exported production node. ProductionNode: OpenNI/Mock/1.5.4.0
      835	VERBOSE   	ModuleLoader	XnModuleLoader.cpp	451	Found exported production node. Generator: OpenNI/Mock/1.5.4.0
      852	VERBOSE   	ModuleLoader	XnModuleLoader.cpp	451	Found exported production node. MapGenerator: OpenNI/Mock/1.5.4.0
      870	VERBOSE   	ModuleLoader	XnModuleLoader.cpp	451	Found exported production node. Device: OpenNI/Mock/1.5.4.0
      883	VERBOSE   	ModuleLoader	XnModuleLoader.cpp	451	Found exported production node. Depth: OpenNI/Mock/1.5.4.0
      897	VERBOSE   	ModuleLoader	XnModuleLoader.cpp	451	Found exported production node. IR: OpenNI/Mock/1.5.4.0
      914	VERBOSE   	ModuleLoader	XnModuleLoader.cpp	451	Found exported production node. Image: OpenNI/Mock/1.5.4.0
      929	VERBOSE   	ModuleLoader	XnModuleLoader.cpp	451	Found exported production node. Audio: OpenNI/Mock/1.5.4.0
      943	VERBOSE   	ModuleLoader	XnModuleLoader.cpp	280	Checking /usr/lib/libnimCodecs.so...
     1068	VERBOSE   	ModuleLoader	XnModuleLoader.cpp	451	Found exported production node. Codec: OpenNI/16zP/1.5.4.0
     1086	VERBOSE   	ModuleLoader	XnModuleLoader.cpp	451	Found exported production node. Codec: OpenNI/16zT/1.5.4.0
     1098	VERBOSE   	ModuleLoader	XnModuleLoader.cpp	451	Found exported production node. Codec: OpenNI/Im8z/1.5.4.0
     1112	VERBOSE   	ModuleLoader	XnModuleLoader.cpp	451	Found exported production node. Codec: OpenNI/JPEG/1.5.4.0
     1123	VERBOSE   	ModuleLoader	XnModuleLoader.cpp	451	Found exported production node. Codec: OpenNI/NONE/1.5.4.0
     1134	VERBOSE   	ModuleLoader	XnModuleLoader.cpp	280	Checking /usr/lib/libnimRecorder.so...
     1225	VERBOSE   	ModuleLoader	XnModuleLoader.cpp	451	Found exported production node. Recorder: OpenNI/Recorder/1.5.4.0
     1242	VERBOSE   	ModuleLoader	XnModuleLoader.cpp	451	Found exported production node. Player: OpenNI/Player/1.5.4.0
     1253	VERBOSE   	ModuleLoader	XnModuleLoader.cpp	280	Checking /usr/lib/libXnVFeatures_1_3_0.so...
     2157	VERBOSE   	ModuleLoader	XnModuleLoader.cpp	451	Found exported production node. Scene: PrimeSense/XnVSceneAnalyzer/1.3.0.17
     2194	VERBOSE   	ModuleLoader	XnModuleLoader.cpp	451	Found exported production node. User: PrimeSense/XnVSkeletonGenerator/1.3.0.17
     2210	VERBOSE   	ModuleLoader	XnModuleLoader.cpp	280	Checking /usr/lib/libXnVFeatures_1_3_1.so...
     3175	VERBOSE   	ModuleLoader	XnModuleLoader.cpp	451	Found exported production node. Scene: PrimeSense/XnVSceneAnalyzer/1.3.1.8
     3204	VERBOSE   	ModuleLoader	XnModuleLoader.cpp	451	Found exported production node. User: PrimeSense/XnVSkeletonGenerator/1.3.1.8
     3221	VERBOSE   	ModuleLoader	XnModuleLoader.cpp	280	Checking /usr/lib/libXnVFeatures_1_4_1.so...
     3721	VERBOSE   	ModuleLoader	XnModuleLoader.cpp	451	Found exported production node. Scene: PrimeSense/XnVSceneAnalyzer/1.4.1.2
     3743	VERBOSE   	ModuleLoader	XnModuleLoader.cpp	451	Found exported production node. User: PrimeSense/XnVSkeletonGenerator/1.4.1.2
     3756	VERBOSE   	ModuleLoader	XnModuleLoader.cpp	280	Checking /usr/lib/libXnVFeatures_1_4_2.so...
     4230	VERBOSE   	ModuleLoader	XnModuleLoader.cpp	451	Found exported production node. Scene: PrimeSense/XnVSceneAnalyzer/1.4.2.5
     4250	VERBOSE   	ModuleLoader	XnModuleLoader.cpp	451	Found exported production node. User: PrimeSense/XnVSkeletonGenerator/1.4.2.5
     4263	VERBOSE   	ModuleLoader	XnModuleLoader.cpp	280	Checking /usr/lib/libXnVFeatures_1_5_2.so...
     4972	VERBOSE   	ModuleLoader	XnModuleLoader.cpp	451	Found exported production node. Scene: PrimeSense/XnVSceneAnalyzer/1.5.2.21
     5004	VERBOSE   	ModuleLoader	XnModuleLoader.cpp	451	Found exported production node. User: PrimeSense/XnVSkeletonGenerator/1.5.2.21
     5019	VERBOSE   	ModuleLoader	XnModuleLoader.cpp	280	Checking /usr/lib/libXnVHandGenerator_1_3_0.so...
     5553	VERBOSE   	ModuleLoader	XnModuleLoader.cpp	451	Found exported production node. Gesture: PrimeSense/XnVGestureGenrator/1.3.0.17
     5576	VERBOSE   	ModuleLoader	XnModuleLoader.cpp	451	Found exported production node. Hands: PrimeSense/XnVHandTracker/1.3.0.17
     5591	VERBOSE   	ModuleLoader	XnModuleLoader.cpp	280	Checking /usr/lib/libXnVHandGenerator_1_3_1.so...
     6155	VERBOSE   	ModuleLoader	XnModuleLoader.cpp	451	Found exported production node. Gesture: PrimeSense/XnVGestureGenrator/1.3.1.8
     6176	VERBOSE   	ModuleLoader	XnModuleLoader.cpp	451	Found exported production node. Hands: PrimeSense/XnVHandTracker/1.3.1.8
     6191	VERBOSE   	ModuleLoader	XnModuleLoader.cpp	280	Checking /usr/lib/libXnVHandGenerator_1_4_1.so...
     6548	VERBOSE   	ModuleLoader	XnModuleLoader.cpp	451	Found exported production node. Gesture: PrimeSense/XnVGestureGenrator/1.4.1.2
     6569	VERBOSE   	ModuleLoader	XnModuleLoader.cpp	451	Found exported production node. Hands: PrimeSense/XnVHandTracker/1.4.1.2
     6584	VERBOSE   	ModuleLoader	XnModuleLoader.cpp	280	Checking /usr/lib/libXnVHandGenerator_1_4_2.so...
     6943	VERBOSE   	ModuleLoader	XnModuleLoader.cpp	451	Found exported production node. Gesture: PrimeSense/XnVGestureGenrator/1.4.2.5
     6964	VERBOSE   	ModuleLoader	XnModuleLoader.cpp	451	Found exported production node. Hands: PrimeSense/XnVHandTracker/1.4.2.5
     6979	VERBOSE   	ModuleLoader	XnModuleLoader.cpp	280	Checking /usr/lib/libXnVHandGenerator_1_5_2.so...
     7298	VERBOSE   	ModuleLoader	XnModuleLoader.cpp	451	Found exported production node. Gesture: PrimeSense/XnVGestureGenerator/1.5.2.21
     7317	VERBOSE   	ModuleLoader	XnModuleLoader.cpp	451	Found exported production node. Hands: PrimeSense/XnVHandTracker/1.5.2.21
     7332	VERBOSE   	ModuleLoader	XnModuleLoader.cpp	280	Checking /usr/lib/libXnDeviceSensorV2KM.so...
     8773	VERBOSE   	ModuleLoader	XnModuleLoader.cpp	451	Found exported production node. Device: PrimeSense/SensorKinect/5.1.2.1
     8796	VERBOSE   	ModuleLoader	XnModuleLoader.cpp	451	Found exported production node. Depth: PrimeSense/SensorKinect/5.1.2.1
     8810	VERBOSE   	ModuleLoader	XnModuleLoader.cpp	451	Found exported production node. Image: PrimeSense/SensorKinect/5.1.2.1
     8823	VERBOSE   	ModuleLoader	XnModuleLoader.cpp	451	Found exported production node. IR: PrimeSense/SensorKinect/5.1.2.1
     8837	VERBOSE   	ModuleLoader	XnModuleLoader.cpp	451	Found exported production node. Audio: PrimeSense/SensorKinect/5.1.2.1
     8850	VERBOSE   	ModuleLoader	XnModuleLoader.cpp	280	Checking /usr/lib/libXnDeviceFile.so...
     9174	VERBOSE   	ModuleLoader	XnModuleLoader.cpp	451	Found exported production node. Player: PrimeSense/File/5.1.2.1
     9238	INFO      	OpenNI	XnOpenNI.cpp	1608	Creating node 'Script1' of type Script: OpenNI/OpenNI/1.5.4.0...
     9322	VERBOSE   	OpenNI	XnXmlScriptNode.cpp	762	Requested to create a node of type Image...
     9354	VERBOSE   	xnUSB	XnUSBLinux.cpp	107	Initializing USB...
    11019	INFO      	xnUSB	XnUSBLinux.cpp	121	USB is initialized.
    11286	VERBOSE   	DeviceSensor	XnSensor.cpp	174	Initializing device sensor...
    11334	VERBOSE   	DeviceIO	XnDeviceSensorIO.cpp	82	Connecting to USB device...
    11349	VERBOSE   	DeviceIO	XnDeviceSensorIO.cpp	99	Trying to open sensor '045e/02ae@1/13'...
    11490	VERBOSE   	xnUSB	XnUSBLinux.cpp	135	Starting libusb asynch thread...
    11585	WARNING   	xnOS	LinuxThreads.cpp	172	Failed to set thread priority (1)
    11600	WARNING   	xnUSB	XnUSBLinux.cpp	153	USB events thread: Failed to set thread priority to critical. This might cause loss of data...
    11619	VERBOSE   	DeviceIO	XnDeviceSensorIO.cpp	112	Trying to open endpoint 0x4 for control out (for old firmwares)...
    11683	INFO      	DeviceIO	XnDeviceSensorIO.cpp	133	Connected to USB device
    11744	INFO      	DDK	XnProperty.cpp	144	Property Device.USBPath was changed to 045e/02ae@1/13.
    15495	VERBOSE   	DeviceSensorProtocol	XnHostProtocol.cpp	940	Getting hardware versions...
    27974	INFO      	DeviceSensorProtocol	XnHostProtocol.cpp	1082	Hardware versions: FW=5.1.4 (7) HW=4 Chip=2 Sensor=0 SYS=7
    40484	WARNING   	DeviceSensorProtocol	XnHostProtocol.cpp	635	Received NACK: 2
    53002	VERBOSE   	DeviceSensorProtocol	XnHostProtocol.cpp	1257	Getting the fixed params...
    66246	VERBOSE   	DeviceSensor	XnSensorFixedParams.cpp	74	Sensor serial number: 0
    66342	VERBOSE   	DDK	XnProperty.cpp	144	Property Firmware.ReferenceResolution was changed to 2.
    66389	VERBOSE   	DeviceSensor	XnSensorFirmwareParams.cpp	278	Reading all params from firmware...
   115999	VERBOSE   	DDK	XnProperty.cpp	144	Property Firmware.ImageFlicker (17) was changed to 1.
   140992	VERBOSE   	DDK	XnProperty.cpp	144	Property Firmware.DepthFPS (20) was changed to 30.
   202751	VERBOSE   	DDK	XnProperty.cpp	144	Property Firmware.Stream0Mode (5) was changed to 1.
   227618	VERBOSE   	DDK	XnProperty.cpp	144	Property Firmware.ImageResolution (13) was changed to 1.
   264623	VERBOSE   	DDK	XnProperty.cpp	144	Property Firmware.DepthGain (21) was changed to 30.
   327125	VERBOSE   	DDK	XnProperty.cpp	144	Property Firmware.DepthWhiteBalance (45) was changed to 1.
   364381	VERBOSE   	DDK	XnProperty.cpp	144	Property Firmware.ImageFPS (14) was changed to 30.
   389264	VERBOSE   	DDK	XnProperty.cpp	144	Property Firmware.DepthFormat (18) was changed to 3.
   401751	VERBOSE   	DDK	XnProperty.cpp	144	Property Firmware.DepthHoleFilter (22) was changed to 1.
   463497	VERBOSE   	DDK	XnProperty.cpp	144	Property Firmware.GMCMode (36) was changed to 1.
   537747	VERBOSE   	DDK	XnProperty.cpp	144	Property Firmware.DepthResolution (19) was changed to 1.
   599743	VERBOSE   	DDK	XnProperty.cpp	144	Property Firmware.ImageSharpness (76) was changed to 50.
   599809	VERBOSE   	DeviceSensor	XnSensorFirmwareParams.cpp	287	Firmware params were updated.
   599855	VERBOSE   	DeviceSensorProtocol	XnHostProtocol.cpp	1998	Getting Cmos 0 VBlanking...
   612236	INFO      	DeviceSensorProtocol	XnHostProtocol.cpp	2013	Cmos 0 VBlanking: 95
   612297	INFO      	DDK	XnProperty.cpp	144	Property Device.PhysicalDeviceName was changed to PrimeSense Sensor.
   612340	INFO      	DDK	XnProperty.cpp	144	Property Device.ID was changed to 0.
   612366	INFO      	DeviceSensor	XnSensor.cpp	203	Device sensor initialized
   612393	VERBOSE   	DeviceSensor	XnDeviceSensorIO.cpp	310	Shutting down USB depth read thread...
   612414	VERBOSE   	DeviceSensor	XnDeviceSensorIO.cpp	320	Shutting down USB image read thread...
   612553	WARNING   	xnUSB	XnUSBLinux.cpp	169	Shutting down USB events thread...
   612607	VERBOSE   	DeviceSensor	XnDeviceSensorIO.cpp	367	Device closed successfully
   613737	INFO      	OpenNI	XnOpenNI.cpp	1608	Creating node 'Device1' of type Device: PrimeSense/SensorKinect/5.1.2.1...
   613880	WARNING   	xnOS	LinuxSysVNamedEvents.cpp	130	Open named event: failed to open key file (2) - event might not exist...
  2070605	INFO      	DDK	XnProperty.cpp	144	Property Device.ShareMode was changed to 1.
  2070679	INFO      	DDK	XnProperty.cpp	144	Property Device.ShareMode was changed to 0.
  2070815	INFO      	OpenNI	XnOpenNI.cpp	1608	Creating node 'Image1' of type Image: PrimeSense/SensorKinect/5.1.2.1...
  2070846	VERBOSE   	SensorClient	XnSensorClient.cpp	268	Creating stream Image1 (of type Image)
  2083637	INFO      	DDK	XnProperty.cpp	144	Property Device.ReadData was changed to 1.
  2084668	INFO      	DDK	XnDeviceBase.cpp	1342	Creating stream 'Image1' of type 'Image'...
  2084729	VERBOSE   	DDK	XnDeviceBase.cpp	1378	Initializing stream 'Image1'...
  2084805	INFO      	DDK	XnProperty.cpp	144	Property Image1.RequiredDataSize was changed to 921600.
  2085291	INFO      	DDK	XnProperty.cpp	144	Property Image1.OutputFormat was changed to 5.
  2085321	INFO      	DDK	XnDeviceBase.cpp	1417	Stream 'Image1' was initialized.
  2085340	INFO      	DDK	XnDeviceBase.cpp	1422	'Image1' stream was created.
  2085512	VERBOSE   	SensorClient	XnSensorClient.cpp	391	Getting property Image1.SupportedModes from server...
  2085815	VERBOSE   	OpenNI	XnXmlScriptNode.cpp	762	Requested to create a node of type Depth...
  2085914	INFO      	OpenNI	XnOpenNI.cpp	1608	Creating node 'Depth1' of type Depth: PrimeSense/SensorKinect/5.1.2.1...
  2085937	VERBOSE   	SensorClient	XnSensorClient.cpp	268	Creating stream Depth1 (of type Depth)
  2100212	INFO      	DDK	XnDeviceBase.cpp	1342	Creating stream 'Depth1' of type 'Depth'...
  2100274	VERBOSE   	DDK	XnDeviceBase.cpp	1378	Initializing stream 'Depth1'...
  2100366	INFO      	DDK	XnProperty.cpp	144	Property Depth1.RequiredDataSize was changed to 1228800.
  2101190	INFO      	DDK	XnProperty.cpp	144	Property Depth1.OutputFormat was changed to 1.
  2101276	INFO      	DDK	XnDeviceBase.cpp	1417	Stream 'Depth1' was initialized.
  2101297	INFO      	DDK	XnDeviceBase.cpp	1422	'Depth1' stream was created.
  2101537	VERBOSE   	SensorClient	XnSensorClient.cpp	391	Getting property Depth1.SupportedModes from server...
  2101990	VERBOSE   	DDK	XnDeviceBase.cpp	330	Opening stream Image1...
  2102517	INFO      	DDK	XnProperty.cpp	144	Property Image1.ActualReadData was changed to 1.
  5226593	VERBOSE   	FPS	XnOpenNI.cpp	877	[FPS] Depth1 (I:  0.00, O:  0.00) Image1 (I:  0.00, O:  0.00) ReadCalls:  0.00
  5227090	INFO      	DDK	XnProperty.cpp	144	Property Image1.State was changed to 1.
  5227128	INFO      	DDK	XnDeviceBase.cpp	341	Stream Image1 is open.
  5227155	VERBOSE   	DDK	XnDeviceBase.cpp	330	Opening stream Depth1...
  5227864	INFO      	DDK	XnProperty.cpp	144	Property Depth1.ActualReadData was changed to 1.
  5712947	INFO      	DDK	XnProperty.cpp	144	Property Depth1.State was changed to 1.
  5713002	INFO      	DDK	XnDeviceBase.cpp	341	Stream Depth1 is open.
  5722713	VERBOSE   	SensorServer	XnSensorClient.cpp	433	Setting Depth1.Registration to 1...
  5858441	INFO      	DDK	XnProperty.cpp	144	Property Depth1.Registration was changed to 1.
  6019588	VERBOSE   	FPS	XnOpenNI.cpp	877	[FPS] Depth1 (I: 28.07, O:  6.63) Image1 (I: 29.00, O:  6.62) ReadCalls:  9.93
  7012993	VERBOSE   	FPS	XnOpenNI.cpp	877	[FPS] Depth1 (I: 29.45, O: 24.71) Image1 (I: 29.67, O: 24.70) ReadCalls: 44.77
  8010579	VERBOSE   	FPS	XnOpenNI.cpp	877	[FPS] Depth1 (I: 29.70, O: 27.04) Image1 (I: 29.81, O: 27.04) ReadCalls: 50.74
  9028010	VERBOSE   	FPS	XnOpenNI.cpp	877	[FPS] Depth1 (I: 30.27, O: 29.94) Image1 (I: 29.95, O: 30.08) ReadCalls: 46.85
 10010940	VERBOSE   	FPS	XnOpenNI.cpp	877	[FPS] Depth1 (I: 30.16, O: 30.17) Image1 (I: 30.16, O: 29.83) ReadCalls: 43.14
 11014835	VERBOSE   	FPS	XnOpenNI.cpp	877	[FPS] Depth1 (I: 30.12, O: 30.13) Image1 (I: 30.12, O: 29.46) ReadCalls: 40.79
 12006191	VERBOSE   	FPS	XnOpenNI.cpp	877	[FPS] Depth1 (I: 30.22, O: 30.11) Image1 (I: 30.22, O: 30.11) ReadCalls: 39.09
 13011483	VERBOSE   	FPS	XnOpenNI.cpp	877	[FPS] Depth1 (I: 30.17, O: 30.17) Image1 (I: 30.17, O: 29.99) ReadCalls: 41.55
 14006954	VERBOSE   	FPS	XnOpenNI.cpp	877	[FPS] Depth1 (I: 30.20, O: 29.91) Image1 (I: 30.18, O: 30.24) ReadCalls: 47.39
 15006079	VERBOSE   	FPS	XnOpenNI.cpp	877	[FPS] Depth1 (I: 30.25, O: 30.00) Image1 (I: 30.19, O: 30.19) ReadCalls: 55.20
 16009574	VERBOSE   	FPS	XnOpenNI.cpp	877	[FPS] Depth1 (I: 30.23, O: 30.00) Image1 (I: 30.16, O: 30.16) ReadCalls: 60.63
 17002848	VERBOSE   	FPS	XnOpenNI.cpp	877	[FPS] Depth1 (I: 30.28, O: 30.04) Image1 (I: 30.22, O: 30.22) ReadCalls: 60.24
 18002716	VERBOSE   	FPS	XnOpenNI.cpp	877	[FPS] Depth1 (I: 30.29, O: 30.04) Image1 (I: 30.22, O: 30.22) ReadCalls: 60.26
 19002838	VERBOSE   	FPS	XnOpenNI.cpp	877	[FPS] Depth1 (I: 30.32, O: 30.07) Image1 (I: 30.22, O: 30.23) ReadCalls: 60.15
 20002818	VERBOSE   	FPS	XnOpenNI.cpp	877	[FPS] Depth1 (I: 30.32, O: 30.04) Image1 (I: 30.22, O: 30.22) ReadCalls: 60.20
 21006348	VERBOSE   	FPS	XnOpenNI.cpp	877	[FPS] Depth1 (I: 30.29, O: 22.35) Image1 (I: 30.19, O: 22.48) ReadCalls: 39.71
 22006461	VERBOSE   	FPS	XnOpenNI.cpp	877	[FPS] Depth1 (I: 30.28, O: 17.68) Image1 (I: 30.18, O: 17.78) ReadCalls: 30.50
 23006398	VERBOSE   	FPS	XnOpenNI.cpp	877	[FPS] Depth1 (I: 30.33, O: 17.35) Image1 (I: 30.22, O: 17.80) ReadCalls: 23.02
 24006517	VERBOSE   	FPS	XnOpenNI.cpp	877	[FPS] Depth1 (I: 30.32, O: 28.00) Image1 (I: 30.22, O: 28.00) ReadCalls: 31.92
 25011418	VERBOSE   	FPS	XnOpenNI.cpp	877	[FPS] Depth1 (I: 30.28, O: 26.69) Image1 (I: 30.17, O: 26.35) ReadCalls: 29.02
 26010586	VERBOSE   	FPS	XnOpenNI.cpp	877	[FPS] Depth1 (I: 30.32, O: 25.66) Image1 (I: 30.19, O: 24.98) ReadCalls: 25.66
 27010378	VERBOSE   	FPS	XnOpenNI.cpp	877	[FPS] Depth1 (I: 30.34, O: 25.44) Image1 (I: 30.19, O: 25.10) ReadCalls: 25.44
 28008413	VERBOSE   	FPS	XnOpenNI.cpp	877	[FPS] Depth1 (I: 30.03, O: 26.48) Image1 (I: 30.20, O: 26.15) ReadCalls: 27.49
 29000339	VERBOSE   	FPS	XnOpenNI.cpp	877	[FPS] Depth1 (I: 30.10, O: 26.56) Image1 (I: 30.28, O: 25.89) ReadCalls: 27.90
 30011511	VERBOSE   	FPS	XnOpenNI.cpp	877	[FPS] Depth1 (I: 30.02, O: 27.06) Image1 (I: 30.17, O: 26.72) ReadCalls: 29.06
 31005773	VERBOSE   	FPS	XnOpenNI.cpp	877	[FPS] Depth1 (I: 30.09, O: 26.96) Image1 (I: 30.23, O: 27.03) ReadCalls: 28.36
 32007517	VERBOSE   	FPS	XnOpenNI.cpp	877	[FPS] Depth1 (I: 30.08, O: 26.60) Image1 (I: 30.21, O: 26.94) ReadCalls: 27.95
 33007719	VERBOSE   	FPS	XnOpenNI.cpp	877	[FPS] Depth1 (I: 30.07, O: 26.04) Image1 (I: 30.22, O: 26.03) ReadCalls: 26.70
 34018341	VERBOSE   	FPS	XnOpenNI.cpp	877	[FPS] Depth1 (I: 30.33, O: 25.52) Image1 (I: 30.10, O: 25.18) ReadCalls: 25.52
 35014901	VERBOSE   	FPS	XnOpenNI.cpp	877	[FPS] Depth1 (I: 30.04, O: 26.29) Image1 (I: 30.15, O: 25.61) ReadCalls: 27.29
 36009286	VERBOSE   	FPS	XnOpenNI.cpp	877	[FPS] Depth1 (I: 30.09, O: 27.68) Image1 (I: 30.19, O: 27.34) ReadCalls: 31.62
 37023349	VERBOSE   	FPS	XnOpenNI.cpp	877	[FPS] Depth1 (I: 30.27, O: 27.38) Image1 (I: 30.05, O: 27.04) ReadCalls: 30.86
 38011973	VERBOSE   	FPS	XnOpenNI.cpp	877	[FPS] Depth1 (I: 30.07, O: 26.24) Image1 (I: 30.17, O: 26.36) ReadCalls: 29.03
 39011186	VERBOSE   	FPS	XnOpenNI.cpp	877	[FPS] Depth1 (I: 30.12, O: 24.63) Image1 (I: 30.17, O: 24.63) ReadCalls: 24.97
 40010605	VERBOSE   	FPS	XnOpenNI.cpp	877	[FPS] Depth1 (I: 30.13, O: 25.23) Image1 (I: 30.18, O: 25.23) ReadCalls: 26.24
 41004873	VERBOSE   	FPS	XnOpenNI.cpp	877	[FPS] Depth1 (I: 30.18, O: 27.07) Image1 (I: 30.25, O: 27.07) ReadCalls: 30.46
 42018045	VERBOSE   	FPS	XnOpenNI.cpp	877	[FPS] Depth1 (I: 30.05, O: 28.63) Image1 (I: 30.12, O: 28.63) ReadCalls: 35.60
 43028284	VERBOSE   	FPS	XnOpenNI.cpp	877	[FPS] Depth1 (I: 29.97, O: 28.09) Image1 (I: 30.37, O: 28.09) ReadCalls: 32.17
 44011343	VERBOSE   	FPS	XnOpenNI.cpp	877	[FPS] Depth1 (I: 30.15, O: 26.20) Image1 (I: 30.17, O: 26.19) ReadCalls: 28.54
 45028198	VERBOSE   	FPS	XnOpenNI.cpp	877	[FPS] Depth1 (I: 30.01, O: 24.23) Image1 (I: 30.37, O: 23.22) ReadCalls: 24.56
 46002265	VERBOSE   	FPS	XnOpenNI.cpp	877	[FPS] Depth1 (I: 30.28, O: 25.97) Image1 (I: 30.26, O: 24.95) ReadCalls: 26.64
 47022205	VERBOSE   	FPS	XnOpenNI.cpp	877	[FPS] Depth1 (I: 30.08, O: 27.27) Image1 (I: 30.08, O: 26.26) ReadCalls: 27.94
 48002237	VERBOSE   	FPS	XnOpenNI.cpp	877	[FPS] Depth1 (I: 30.28, O: 28.98) Image1 (I: 30.26, O: 29.32) ReadCalls: 29.32
 49002417	VERBOSE   	FPS	XnOpenNI.cpp	877	[FPS] Depth1 (I: 30.28, O: 28.67) Image1 (I: 30.26, O: 29.00) ReadCalls: 29.01
 50002762	VERBOSE   	FPS	XnOpenNI.cpp	877	[FPS] Depth1 (I: 30.32, O: 29.19) Image1 (I: 30.30, O: 29.53) ReadCalls: 31.76
 51002501	VERBOSE   	FPS	XnOpenNI.cpp	877	[FPS] Depth1 (I: 30.32, O: 29.70) Image1 (I: 30.30, O: 29.69) ReadCalls: 37.26
 52006394	VERBOSE   	FPS	XnOpenNI.cpp	877	[FPS] Depth1 (I: 30.29, O: 30.11) Image1 (I: 30.26, O: 30.11) ReadCalls: 39.70
 53007317	VERBOSE   	FPS	XnOpenNI.cpp	877	[FPS] Depth1 (I: 30.27, O: 29.71) Image1 (I: 30.25, O: 30.04) ReadCalls: 35.62
 54006504	VERBOSE   	FPS	XnOpenNI.cpp	877	[FPS] Depth1 (I: 30.33, O: 29.37) Image1 (I: 30.26, O: 29.70) ReadCalls: 31.82
 55000112	VERBOSE   	FPS	XnOpenNI.cpp	877	[FPS] Depth1 (I: 30.06, O: 28.50) Image1 (I: 30.33, O: 28.83) ReadCalls: 29.17
 56000532	VERBOSE   	FPS	XnOpenNI.cpp	877	[FPS] Depth1 (I: 30.07, O: 28.54) Image1 (I: 30.32, O: 28.54) ReadCalls: 29.88
 57000378	VERBOSE   	FPS	XnOpenNI.cpp	877	[FPS] Depth1 (I: 30.06, O: 28.93) Image1 (I: 30.33, O: 28.93) ReadCalls: 34.69
 58000361	VERBOSE   	FPS	XnOpenNI.cpp	877	[FPS] Depth1 (I: 30.07, O: 29.74) Image1 (I: 30.32, O: 29.73) ReadCalls: 39.21
 59000866	VERBOSE   	FPS	XnOpenNI.cpp	877	[FPS] Depth1 (I: 30.09, O: 29.81) Image1 (I: 30.32, O: 29.81) ReadCalls: 35.95
 60000445	VERBOSE   	FPS	XnOpenNI.cpp	877	[FPS] Depth1 (I: 30.10, O: 29.92) Image1 (I: 30.32, O: 29.58) ReadCalls: 34.81
 61000488	VERBOSE   	FPS	XnOpenNI.cpp	877	[FPS] Depth1 (I: 30.10, O: 29.89) Image1 (I: 30.32, O: 29.56) ReadCalls: 36.17
 62000166	VERBOSE   	FPS	XnOpenNI.cpp	877	[FPS] Depth1 (I: 30.14, O: 30.01) Image1 (I: 30.32, O: 29.67) ReadCalls: 36.05
 63000161	VERBOSE   	FPS	XnOpenNI.cpp	877	[FPS] Depth1 (I: 30.14, O: 28.23) Image1 (I: 30.33, O: 28.57) ReadCalls: 33.56
 64000166	VERBOSE   	FPS	XnOpenNI.cpp	877	[FPS] Depth1 (I: 30.14, O: 27.17) Image1 (I: 30.32, O: 27.50) ReadCalls: 31.55
 65000424	VERBOSE   	FPS	XnOpenNI.cpp	877	[FPS] Depth1 (I: 30.14, O: 27.05) Image1 (I: 30.32, O: 27.39) ReadCalls: 33.44
 66000411	VERBOSE   	FPS	XnOpenNI.cpp	877	[FPS] Depth1 (I: 30.19, O: 28.70) Image1 (I: 30.32, O: 28.70) ReadCalls: 37.16
 67000644	VERBOSE   	FPS	XnOpenNI.cpp	877	[FPS] Depth1 (I: 30.18, O: 29.51) Image1 (I: 30.32, O: 28.84) ReadCalls: 36.61
 68000051	VERBOSE   	FPS	XnOpenNI.cpp	877	[FPS] Depth1 (I: 30.20, O: 29.38) Image1 (I: 30.33, O: 28.13) ReadCalls: 32.15
 69000432	VERBOSE   	FPS	XnOpenNI.cpp	877	[FPS] Depth1 (I: 30.18, O: 28.92) Image1 (I: 30.32, O: 27.57) ReadCalls: 28.91
 70000130	VERBOSE   	FPS	XnOpenNI.cpp	877	[FPS] Depth1 (I: 30.22, O: 28.91) Image1 (I: 30.33, O: 28.58) ReadCalls: 30.62
 71000360	VERBOSE   	FPS	XnOpenNI.cpp	877	[FPS] Depth1 (I: 30.23, O: 29.35) Image1 (I: 30.32, O: 29.35) ReadCalls: 31.94
 72000529	VERBOSE   	FPS	XnOpenNI.cpp	877	[FPS] Depth1 (I: 30.22, O: 29.43) Image1 (I: 30.32, O: 29.10) ReadCalls: 32.05
 73000275	VERBOSE   	FPS	XnOpenNI.cpp	877	[FPS] Depth1 (I: 30.26, O: 29.03) Image1 (I: 30.33, O: 28.36) ReadCalls: 31.20
 74000270	VERBOSE   	FPS	XnOpenNI.cpp	877	[FPS] Depth1 (I: 30.26, O: 29.27) Image1 (I: 30.32, O: 28.59) ReadCalls: 36.02
 75000192	VERBOSE   	FPS	XnOpenNI.cpp	877	[FPS] Depth1 (I: 30.26, O: 29.64) Image1 (I: 30.33, O: 29.64) ReadCalls: 42.76
 76000293	VERBOSE   	FPS	XnOpenNI.cpp	877	[FPS] Depth1 (I: 30.26, O: 30.15) Image1 (I: 30.36, O: 29.48) ReadCalls: 38.38
 77000109	VERBOSE   	FPS	XnOpenNI.cpp	877	[FPS] Depth1 (I: 30.30, O: 29.43) Image1 (I: 30.37, O: 29.10) ReadCalls: 34.98
 78000212	VERBOSE   	FPS	XnOpenNI.cpp	877	[FPS] Depth1 (I: 30.31, O: 29.47) Image1 (I: 30.37, O: 29.13) ReadCalls: 35.55
 79000187	VERBOSE   	FPS	XnOpenNI.cpp	877	[FPS] Depth1 (I: 29.97, O: 29.56) Image1 (I: 30.36, O: 29.90) ReadCalls: 40.74
 80000035	VERBOSE   	FPS	XnOpenNI.cpp	877	[FPS] Depth1 (I: 29.97, O: 30.06) Image1 (I: 30.36, O: 30.06) ReadCalls: 40.12
 81001983	VERBOSE   	FPS	XnOpenNI.cpp	877	[FPS] Depth1 (I: 30.33, O: 29.71) Image1 (I: 30.35, O: 29.71) ReadCalls: 39.12
 82002681	VERBOSE   	FPS	XnOpenNI.cpp	877	[FPS] Depth1 (I: 30.32, O: 29.31) Image1 (I: 30.00, O: 29.52) ReadCalls: 34.95
 83004169	VERBOSE   	FPS	XnOpenNI.cpp	877	[FPS] Depth1 (I: 29.97, O: 28.96) Image1 (I: 30.32, O: 29.17) ReadCalls: 31.62
 84004073	VERBOSE   	FPS	XnOpenNI.cpp	877	[FPS] Depth1 (I: 30.01, O: 28.34) Image1 (I: 30.32, O: 28.67) ReadCalls: 29.67
 85004494	VERBOSE   	FPS	XnOpenNI.cpp	877	[FPS] Depth1 (I: 30.01, O: 28.84) Image1 (I: 29.98, O: 29.17) ReadCalls: 34.64
 86004221	VERBOSE   	FPS	XnOpenNI.cpp	877	[FPS] Depth1 (I: 30.02, O: 29.28) Image1 (I: 30.33, O: 29.61) ReadCalls: 41.09
 87004203	VERBOSE   	FPS	XnOpenNI.cpp	877	[FPS] Depth1 (I: 30.02, O: 30.14) Image1 (I: 30.32, O: 30.14) ReadCalls: 40.08
 88004017	VERBOSE   	FPS	XnOpenNI.cpp	877	[FPS] Depth1 (I: 30.03, O: 30.03) Image1 (I: 30.32, O: 30.03) ReadCalls: 36.03
 89003943	VERBOSE   	FPS	XnOpenNI.cpp	877	[FPS] Depth1 (I: 30.06, O: 30.21) Image1 (I: 30.33, O: 30.01) ReadCalls: 33.40
 90005486	VERBOSE   	FPS	XnOpenNI.cpp	877	[FPS] Depth1 (I: 30.04, O: 29.47) Image1 (I: 30.31, O: 29.47) ReadCalls: 30.84
 91004255	VERBOSE   	FPS	XnOpenNI.cpp	877	[FPS] Depth1 (I: 30.06, O: 29.41) Image1 (I: 30.32, O: 29.41) ReadCalls: 32.83
 92004095	VERBOSE   	FPS	XnOpenNI.cpp	877	[FPS] Depth1 (I: 30.06, O: 29.57) Image1 (I: 30.32, O: 29.57) ReadCalls: 36.77
 93004237	VERBOSE   	FPS	XnOpenNI.cpp	877	[FPS] Depth1 (I: 30.11, O: 30.18) Image1 (I: 30.32, O: 30.18) ReadCalls: 42.64
 94004059	VERBOSE   	FPS	XnOpenNI.cpp	877	[FPS] Depth1 (I: 30.10, O: 30.11) Image1 (I: 30.32, O: 30.10) ReadCalls: 43.06
 95004177	VERBOSE   	FPS	XnOpenNI.cpp	877	[FPS] Depth1 (I: 30.11, O: 30.29) Image1 (I: 30.33, O: 30.03) ReadCalls: 43.22
 96003954	VERBOSE   	FPS	XnOpenNI.cpp	877	[FPS] Depth1 (I: 30.10, O: 29.77) Image1 (I: 30.33, O: 30.10) ReadCalls: 42.73
 97004256	VERBOSE   	FPS	XnOpenNI.cpp	877	[FPS] Depth1 (I: 30.15, O: 30.15) Image1 (I: 30.32, O: 30.15) ReadCalls: 43.31
 98004131	VERBOSE   	FPS	XnOpenNI.cpp	877	[FPS] Depth1 (I: 30.14, O: 30.17) Image1 (I: 30.32, O: 30.17) ReadCalls: 43.48
 99002844	VERBOSE   	FPS	XnOpenNI.cpp	877	[FPS] Depth1 (I: 30.16, O: 30.02) Image1 (I: 30.01, O: 30.02) ReadCalls: 43.25
100004194	VERBOSE   	FPS	XnOpenNI.cpp	877	[FPS] Depth1 (I: 30.18, O: 30.32) Image1 (I: 30.33, O: 30.07) ReadCalls: 42.86
101004072	VERBOSE   	FPS	XnOpenNI.cpp	877	[FPS] Depth1 (I: 30.19, O: 30.19) Image1 (I: 30.32, O: 30.19) ReadCalls: 42.96
102004015	VERBOSE   	FPS	XnOpenNI.cpp	877	[FPS] Depth1 (I: 30.18, O: 29.89) Image1 (I: 30.32, O: 30.23) ReadCalls: 43.17
103004156	VERBOSE   	FPS	XnOpenNI.cpp	877	[FPS] Depth1 (I: 30.19, O: 30.04) Image1 (I: 30.36, O: 30.11) ReadCalls: 43.21
104004050	VERBOSE   	FPS	XnOpenNI.cpp	877	[FPS] Depth1 (I: 30.22, O: 30.33) Image1 (I: 30.37, O: 30.08) ReadCalls: 43.07
105004163	VERBOSE   	FPS	XnOpenNI.cpp	877	[FPS] Depth1 (I: 30.22, O: 30.25) Image1 (I: 30.36, O: 30.02) ReadCalls: 43.70
106003874	VERBOSE   	FPS	XnOpenNI.cpp	877	[FPS] Depth1 (I: 30.22, O: 30.11) Image1 (I: 30.37, O: 30.11) ReadCalls: 43.73
107004205	VERBOSE   	FPS	XnOpenNI.cpp	877	[FPS] Depth1 (I: 30.22, O: 30.03) Image1 (I: 30.36, O: 30.13) ReadCalls: 43.86
108003995	VERBOSE   	FPS	XnOpenNI.cpp	877	[FPS] Depth1 (I: 30.27, O: 30.09) Image1 (I: 30.36, O: 30.17) ReadCalls: 43.67
109007997	VERBOSE   	FPS	XnOpenNI.cpp	877	[FPS] Depth1 (I: 30.22, O: 30.03) Image1 (I: 30.33, O: 30.03) ReadCalls: 43.20
110002151	VERBOSE   	FPS	XnOpenNI.cpp	877	[FPS] Depth1 (I: 30.28, O: 30.13) Image1 (I: 30.02, O: 30.13) ReadCalls: 43.12
111002477	VERBOSE   	FPS	XnOpenNI.cpp	877	[FPS] Depth1 (I: 30.28, O: 30.08) Image1 (I: 30.01, O: 30.08) ReadCalls: 43.04
112002229	VERBOSE   	FPS	XnOpenNI.cpp	877	[FPS] Depth1 (I: 30.32, O: 30.07) Image1 (I: 30.06, O: 30.07) ReadCalls: 43.32
113006262	VERBOSE   	FPS	XnOpenNI.cpp	877	[FPS] Depth1 (I: 30.28, O: 30.09) Image1 (I: 30.02, O: 30.09) ReadCalls: 42.59
114006057	VERBOSE   	FPS	XnOpenNI.cpp	877	[FPS] Depth1 (I: 30.28, O: 30.08) Image1 (I: 30.02, O: 30.08) ReadCalls: 41.93
115006083	VERBOSE   	FPS	XnOpenNI.cpp	877	[FPS] Depth1 (I: 30.32, O: 30.05) Image1 (I: 30.02, O: 30.17) ReadCalls: 41.29
116006104	VERBOSE   	FPS	XnOpenNI.cpp	877	[FPS] Depth1 (I: 30.32, O: 30.09) Image1 (I: 30.02, O: 30.09) ReadCalls: 40.78
117003371	VERBOSE   	FPS	XnOpenNI.cpp	877	[FPS] Depth1 (I: 30.03, O: 30.03) Image1 (I: 30.05, O: 30.25) ReadCalls: 39.52
118008020	VERBOSE   	FPS	XnOpenNI.cpp	877	[FPS] Depth1 (I: 29.97, O: 30.08) Image1 (I: 30.32, O: 30.19) ReadCalls: 37.81
119006827	VERBOSE   	FPS	XnOpenNI.cpp	877	[FPS] Depth1 (I: 30.02, O: 30.09) Image1 (I: 30.01, O: 30.20) ReadCalls: 35.88
120007699	VERBOSE   	FPS	XnOpenNI.cpp	877	[FPS] Depth1 (I: 30.03, O: 30.03) Image1 (I: 30.00, O: 30.03) ReadCalls: 37.34
121000298	VERBOSE   	FPS	XnOpenNI.cpp	877	[FPS] Depth1 (I: 30.10, O: 30.10) Image1 (I: 30.08, O: 30.10) ReadCalls: 38.47
122008012	VERBOSE   	FPS	XnOpenNI.cpp	877	[FPS] Depth1 (I: 30.02, O: 30.03) Image1 (I: 30.32, O: 30.03) ReadCalls: 40.09
123007864	VERBOSE   	FPS	XnOpenNI.cpp	877	[FPS] Depth1 (I: 30.03, O: 29.69) Image1 (I: 30.32, O: 29.69) ReadCalls: 40.33
124007959	VERBOSE   	FPS	XnOpenNI.cpp	877	[FPS] Depth1 (I: 30.06, O: 29.88) Image1 (I: 30.33, O: 29.67) ReadCalls: 41.54
125000200	VERBOSE   	FPS	XnOpenNI.cpp	877	[FPS] Depth1 (I: 30.14, O: 29.66) Image1 (I: 30.08, O: 29.77) ReadCalls: 43.39
126007832	VERBOSE   	FPS	XnOpenNI.cpp	877	[FPS] Depth1 (I: 30.06, O: 30.13) Image1 (I: 30.32, O: 30.13) ReadCalls: 43.35
127008026	VERBOSE   	FPS	XnOpenNI.cpp	877	[FPS] Depth1 (I: 30.06, O: 30.13) Image1 (I: 30.32, O: 30.13) ReadCalls: 43.32
128004510	VERBOSE   	FPS	XnOpenNI.cpp	877	[FPS] Depth1 (I: 30.14, O: 29.86) Image1 (I: 30.03, O: 30.19) ReadCalls: 43.77
129007871	VERBOSE   	FPS	XnOpenNI.cpp	877	[FPS] Depth1 (I: 30.10, O: 30.13) Image1 (I: 30.32, O: 30.13) ReadCalls: 43.02
130007812	VERBOSE   	FPS	XnOpenNI.cpp	877	[FPS] Depth1 (I: 30.10, O: 30.27) Image1 (I: 30.37, O: 30.02) ReadCalls: 42.93
131007901	VERBOSE   	FPS	XnOpenNI.cpp	877	[FPS] Depth1 (I: 30.14, O: 30.21) Image1 (I: 30.36, O: 30.20) ReadCalls: 43.52
132007899	VERBOSE   	FPS	XnOpenNI.cpp	877	[FPS] Depth1 (I: 30.14, O: 30.25) Image1 (I: 30.37, O: 30.02) ReadCalls: 43.58
133005195	VERBOSE   	FPS	XnOpenNI.cpp	877	[FPS] Depth1 (I: 30.17, O: 29.97) Image1 (I: 30.03, O: 30.07) ReadCalls: 43.27
134007883	VERBOSE   	FPS	XnOpenNI.cpp	877	[FPS] Depth1 (I: 30.15, O: 30.36) Image1 (I: 30.37, O: 30.12) ReadCalls: 43.35
135007768	VERBOSE   	FPS	XnOpenNI.cpp	877	[FPS] Depth1 (I: 30.19, O: 30.03) Image1 (I: 30.37, O: 30.14) ReadCalls: 43.42
136011834	VERBOSE   	FPS	XnOpenNI.cpp	877	[FPS] Depth1 (I: 30.14, O: 30.17) Image1 (I: 30.32, O: 30.17) ReadCalls: 43.16
137011790	VERBOSE   	FPS	XnOpenNI.cpp	877	[FPS] Depth1 (I: 30.14, O: 29.96) Image1 (I: 30.33, O: 30.05) ReadCalls: 43.00
138001062	VERBOSE   	FPS	XnOpenNI.cpp	877	[FPS] Depth1 (I: 30.25, O: 30.13) Image1 (I: 30.07, O: 30.13) ReadCalls: 43.38
139011707	VERBOSE   	FPS	XnOpenNI.cpp	877	[FPS] Depth1 (I: 30.19, O: 30.00) Image1 (I: 30.32, O: 30.09) ReadCalls: 43.16
140004844	VERBOSE   	FPS	XnOpenNI.cpp	877	[FPS] Depth1 (I: 30.26, O: 30.16) Image1 (I: 30.07, O: 30.16) ReadCalls: 43.89
141001856	VERBOSE   	FPS	XnOpenNI.cpp	877	[FPS] Depth1 (I: 30.29, O: 30.14) Image1 (I: 30.10, O: 30.23) ReadCalls: 43.33
142001843	VERBOSE   	FPS	XnOpenNI.cpp	877	[FPS] Depth1 (I: 30.32, O: 30.15) Image1 (I: 30.10, O: 30.14) ReadCalls: 43.11
143001870	VERBOSE   	FPS	XnOpenNI.cpp	877	[FPS] Depth1 (I: 30.33, O: 30.03) Image1 (I: 30.10, O: 30.26) ReadCalls: 43.10
144006105	VERBOSE   	FPS	XnOpenNI.cpp	877	[FPS] Depth1 (I: 30.29, O: 28.68) Image1 (I: 30.06, O: 29.23) ReadCalls: 38.75
145006983	VERBOSE   	FPS	XnOpenNI.cpp	877	[FPS] Depth1 (I: 30.28, O: 28.67) Image1 (I: 30.05, O: 29.23) ReadCalls: 36.87
146006032	VERBOSE   	FPS	XnOpenNI.cpp	877	[FPS] Depth1 (I: 30.33, O: 27.74) Image1 (I: 30.06, O: 28.07) ReadCalls: 32.64
147005885	VERBOSE   	FPS	XnOpenNI.cpp	877	[FPS] Depth1 (I: 30.32, O: 29.12) Image1 (I: 30.06, O: 29.12) ReadCalls: 34.53
148009927	VERBOSE   	FPS	XnOpenNI.cpp	877	[FPS] Depth1 (I: 30.29, O: 29.15) Image1 (I: 30.02, O: 29.24) ReadCalls: 37.36
149009676	VERBOSE   	FPS	XnOpenNI.cpp	877	[FPS] Depth1 (I: 30.28, O: 29.07) Image1 (I: 30.02, O: 29.40) ReadCalls: 35.37
150011058	VERBOSE   	FPS	XnOpenNI.cpp	877	[FPS] Depth1 (I: 30.31, O: 28.01) Image1 (I: 30.01, O: 28.34) ReadCalls: 31.95
151009033	VERBOSE   	FPS	XnOpenNI.cpp	877	[FPS] Depth1 (I: 30.01, O: 28.14) Image1 (I: 30.03, O: 28.48) ReadCalls: 31.53
152002009	VERBOSE   	FPS	XnOpenNI.cpp	877	[FPS] Depth1 (I: 30.08, O: 29.13) Image1 (I: 30.10, O: 28.79) ReadCalls: 34.77
152405063	VERBOSE   	SensorServer	XnSensorClient.cpp	433	Setting Depth1.Registration to 0...
152417475	INFO      	DDK	XnProperty.cpp	144	Property Depth1.Registration was changed to 0.
152417656	INFO      	OpenNI	XnOpenNI.cpp	1905	Destroying node 'Script1'
152417689	INFO      	OpenNI	XnOpenNI.cpp	1905	Destroying node 'Image1'
152417740	VERBOSE   	SensorClient	XnSensorClient.cpp	283	Destroying stream Image1
152606016	INFO      	DDK	XnProperty.cpp	144	Property Image1.ActualReadData was changed to 0.
152606488	INFO      	DDK	XnDeviceBase.cpp	1468	Destroying stream 'Image1'...
152607674	VERBOSE   	DDK	XnDeviceBase.cpp	1497	'Image1' stream destroyed.
152607734	INFO      	OpenNI	XnOpenNI.cpp	1905	Destroying node 'Depth1'
152607816	VERBOSE   	SensorClient	XnSensorClient.cpp	283	Destroying stream Depth1
152996102	INFO      	DDK	XnProperty.cpp	144	Property Depth1.ActualReadData was changed to 0.
152996816	INFO      	DDK	XnDeviceBase.cpp	1468	Destroying stream 'Depth1'...
152998084	VERBOSE   	DDK	XnDeviceBase.cpp	1497	'Depth1' stream destroyed.
152998128	INFO      	OpenNI	XnOpenNI.cpp	1905	Destroying node 'Device1'
152998166	VERBOSE   	SensorClient	XnSensorClient.cpp	537	Sending Bye
153057119	VERBOSE   	xnOS	LinuxNetwork.cpp	484	Socket has been gracefully closed
153057189	VERBOSE   	IoNetStream	XnIONetworkStream.cpp	81	Network connection was closed gracefully
153057211	INFO      	SensorClient	XnSensorClient.cpp	826	Client connection was closed gracefully
153057433	INFO      	OpenNI	XnOpenNI.cpp	474	Destroying context
